<?xml version="1.0" encoding="UTF-8"?>
<testng-results ignored="0" total="1" passed="1" failed="0" skipped="0">
  <reporter-output>
  </reporter-output>
  <suite started-at="2022-11-21T11:40:18 IST" name="Default suite" finished-at="2022-11-21T11:40:55 IST" duration-ms="37884">
    <groups>
    </groups>
    <test started-at="2022-11-21T11:40:18 IST" name="Default test" finished-at="2022-11-21T11:40:55 IST" duration-ms="37884">
      <class name="TestClass">
        <test-method is-config="true" signature="OpenBrowser()[pri:0, instance:TestClass@6392827e]" started-at="2022-11-21T11:40:18 IST" name="OpenBrowser" finished-at="2022-11-21T11:40:26 IST" duration-ms="8370" status="PASS">
          <reporter-output>
          </reporter-output>
        </test-method> <!-- OpenBrowser -->
        <test-method is-config="true" signature="Login()[pri:0, instance:TestClass@6392827e]" started-at="2022-11-21T11:40:26 IST" name="Login" finished-at="2022-11-21T11:40:26 IST" duration-ms="0" status="PASS">
          <reporter-output>
          </reporter-output>
        </test-method> <!-- Login -->
        <test-method signature="TC1()[pri:0, instance:TestClass@6392827e]" started-at="2022-11-21T11:40:26 IST" name="TC1" finished-at="2022-11-21T11:40:55 IST" duration-ms="29439" status="PASS">
          <reporter-output>
          </reporter-output>
        </test-method> <!-- TC1 -->
        <test-method is-config="true" signature="LogOut()[pri:0, instance:TestClass@6392827e]" started-at="2022-11-21T11:40:55 IST" name="LogOut" finished-at="2022-11-21T11:40:55 IST" duration-ms="1" status="PASS">
          <reporter-output>
          </reporter-output>
        </test-method> <!-- LogOut -->
        <test-method is-config="true" signature="ClosedBrowser()[pri:0, instance:TestClass@6392827e]" started-at="2022-11-21T11:40:55 IST" name="ClosedBrowser" finished-at="2022-11-21T11:40:55 IST" duration-ms="1" status="PASS">
          <reporter-output>
          </reporter-output>
        </test-method> <!-- ClosedBrowser -->
      </class> <!-- TestClass -->
    </test> <!-- Default test -->
  </suite> <!-- Default suite -->
</testng-results>
